#
# A fatal error has been detected by the Java Runtime Environment:
#
#  Internal Error (javaClasses.cpp:129), pid=492, tid=6568
#  fatal error: Invalid layout of preloaded class
#
# JRE version: 7.0_10-b18
# Java VM: Java HotSpot(TM) 64-Bit Server VM (23.6-b04 mixed mode windows-amd64 compressed oops)
# Failed to write core dump. Minidumps are not enabled by default on client versions of Windows
#
# If you would like to submit a bug report, please visit:
#   http://bugreport.sun.com/bugreport/crash.jsp
#

---------------  T H R E A D  ---------------

Current thread (0x0000000002b00800):  JavaThread "Unknown thread" [_thread_in_vm, id=6568, stack(0x0000000001100000,0x0000000001200000)]

Stack: [0x0000000001100000,0x0000000001200000]

---------------  P R O C E S S  ---------------

Java Threads: ( => current thread )

Other Threads:

=>0x0000000002b00800 (exited) JavaThread "Unknown thread" [_thread_in_vm, id=6568, stack(0x0000000001100000,0x0000000001200000)]

VM state:not at safepoint (not fully initialized)

VM Mutex/Monitor currently owned by a thread: None

GC Heap History (0 events):
No events

Deoptimization events (0 events):
No events

Internal exceptions (0 events):
No events

Events (10 events):
Event: 1.715 loading class 0x0000000002b135f0 done
Event: 1.716 loading class 0x0000000002b13530 done
Event: 1.716 loading class 0x0000000002b13200
Event: 1.716 loading class 0x0000000002b51540
Event: 1.716 loading class 0x0000000002b51540 done
Event: 1.716 loading class 0x0000000002b50880
Event: 1.716 loading class 0x0000000002b50880 done
Event: 1.716 loading class 0x0000000008e1cd60
Event: 1.716 loading class 0x0000000008e1cd60 done
Event: 1.716 loading class 0x0000000002b13200 done


Dynamic libraries:
0x000007f723340000 - 0x000007f723373000 	C:\Program Files\Java\jre7\bin\javaw.exe
0x000007fb8bff0000 - 0x000007fb8c1ae000 	C:\Windows\SYSTEM32\ntdll.dll
0x000007fb89470000 - 0x000007fb895a6000 	C:\Windows\system32\KERNEL32.DLL
0x000007fb89330000 - 0x000007fb89423000 	C:\Windows\system32\KERNELBASE.dll
0x000007fb89660000 - 0x000007fb8973e000 	C:\Windows\system32\ADVAPI32.dll
0x000007fb8a2c0000 - 0x000007fb8a40c000 	C:\Windows\system32\USER32.dll
0x000007fb86d80000 - 0x000007fb86fe9000 	C:\Windows\WinSxS\amd64_microsoft.windows.common-controls_6595b64144ccf1df_6.0.9200.16384_none_418c2a697189c07f\COMCTL32.dll
0x000007fb89970000 - 0x000007fb89a15000 	C:\Windows\system32\msvcrt.dll
0x000007fb8a6c0000 - 0x000007fb8a708000 	C:\Windows\SYSTEM32\sechost.dll
0x000007fb89e70000 - 0x000007fb89fb0000 	C:\Windows\system32\RPCRT4.dll
0x000007fb8a120000 - 0x000007fb8a260000 	C:\Windows\system32\GDI32.dll
0x000007fb89e30000 - 0x000007fb89e69000 	C:\Windows\system32\IMM32.DLL
0x000007fb8a000000 - 0x000007fb8a115000 	C:\Windows\system32\MSCTF.dll
0x0000000069e40000 - 0x0000000069f11000 	C:\Program Files\Java\jre7\bin\msvcr100.dll
0x0000000069720000 - 0x0000000069e3f000 	C:\Program Files\Java\jre7\bin\server\jvm.dll
0x000007fb86210000 - 0x000007fb86219000 	C:\Windows\SYSTEM32\WSOCK32.dll
0x000007fb82d70000 - 0x000007fb82d90000 	C:\Windows\SYSTEM32\WINMM.dll
0x000007fb8a6b0000 - 0x000007fb8a6b7000 	C:\Windows\system32\PSAPI.DLL
0x000007fb8a260000 - 0x000007fb8a2b8000 	C:\Windows\system32\WS2_32.dll
0x000007fb82d30000 - 0x000007fb82d62000 	C:\Windows\SYSTEM32\WINMMBASE.dll
0x000007fb89460000 - 0x000007fb89469000 	C:\Windows\system32\NSI.dll
0x000000006abc0000 - 0x000000006abcf000 	C:\Program Files\Java\jre7\bin\verify.dll
0x000000006aa00000 - 0x000000006aa28000 	C:\Program Files\Java\jre7\bin\java.dll
0x00000000696f0000 - 0x0000000069713000 	C:\Program Files\Java\jre7\bin\instrument.dll
0x000000006a9e0000 - 0x000000006a9f5000 	C:\Program Files\Java\jre7\bin\zip.dll

VM Arguments:
jvm_args: -javaagent:C:\Users\Junhyun\Downloads\Software\adt-bundle-windows-x86_64\adt-bundle-windows-x86_64\eclipse\configuration\org.eclipse.osgi\bundles\366\1\.cp\jacocoagent.jar=includes=*,excludes=,exclclassloader=sun.reflect.DelegatingClassLoader,output=tcpclient,port=46646 -Dfile.encoding=Cp1252 -Xbootclasspath:C:\Users\Junhyun\Downloads\Software\adt-bundle-windows-x86_64\adt-bundle-windows-x86_64\sdk\platforms\android-17\android.jar 
java_command: org.eclipse.jdt.internal.junit.runner.RemoteTestRunner -version 3 -port 46647 -testLoaderClass org.eclipse.jdt.internal.junit.runner.junit3.JUnit3TestLoader -loaderpluginname org.eclipse.jdt.junit.runtime -classNames cs428.mobiletaandroidapp.classrecordstest.ClassRecordsDatabaseTest
Launcher Type: SUN_STANDARD

Environment Variables:
PATH=C:\Users\Junhyun\gcc\bin;C:\Users\Junhyun\gcc\libexec\gcc\x86_64-pc-mingw32\4.7.2;C:\Program Files (x86)\AMD APP\bin\x86_64;C:\Program Files (x86)\AMD APP\bin\x86;C:\Windows\system32;C:\Windows;C:\Windows\System32\Wbem;C:\Windows\System32\WindowsPowerShell\v1.0\;C:\Program Files (x86)\Windows Kits\8.0\Windows Performance Toolkit\;C:\Program Files (x86)\ATI Technologies\ATI.ACE\Core-Static;C:\Program Files\MiKTeX 2.9\miktex\bin\x64\;C:\Program Files\MATLAB\R2012b\runtime\win64;C:\Program Files\MATLAB\R2012b\bin;C:\Program Files\TortoiseSVN\bin;c:\Program Files (x86)\Microsoft SQL Server\100\Tools\Binn\;c:\Program Files\Microsoft SQL Server\100\Tools\Binn\;c:\Program Files\Microsoft SQL Server\100\DTS\Binn\;C:\Users\Junhyun\AppData\Local\Bandizip\7z
USERNAME=Junhyun
OS=Windows_NT
PROCESSOR_IDENTIFIER=Intel64 Family 6 Model 37 Stepping 5, GenuineIntel



---------------  S Y S T E M  ---------------

OS: Windows 8 , 64 bit Build 9200 

CPU:total 4 (2 cores per cpu, 2 threads per core) family 6 model 37 stepping 5, cmov, cx8, fxsr, mmx, sse, sse2, sse3, ssse3, sse4.1, sse4.2, popcnt, ht, tsc, tscinvbit

Memory: 4k page, physical 4053768k(1246900k free), swap 10345224k(2955716k free)

vm_info: Java HotSpot(TM) 64-Bit Server VM (23.6-b04) for windows-amd64 JRE (1.7.0_10-b18), built on Nov 28 2012 05:00:40 by "java_re" with unknown MS VC++:1600

time: Mon Mar 11 21:46:40 2013
elapsed time: 1 seconds

